# JRE version: Java(TM) SE Runtime Environment (17.0.14+8) (build 17.0.14+8-LTS-191)
# Java VM: Java HotSpot(TM) 64-Bit Server VM (17.0.14+8-LTS-191, mixed mode, sharing, tiered, compressed oops, compressed class ptrs, g1 gc, windows-amd64)
GC Precious Log:
 CPUs: 8 total, 8 available
 Memory: 6080M
 Large Page Support: Disabled
 NUMA Support: Disabled
 Compressed Oops: Enabled (32-bit)
 Heap Region Size: 1M
 Heap Min Capacity: 8M
 Heap Initial Capacity: 96M
 Heap Max Capacity: 1522M
 Pre-touch: Disabled
 Parallel Workers: 8
 Concurrent Workers: 2
 Concurrent Refinement Workers: 8
 Periodic GC: Disabled
Heap:
 garbage-first heap   total 79872K, used 44895K [0x00000000a0e00000, 0x0000000100000000)
  region size 1024K, 20 young (20480K), 6 survivors (6144K)
 Metaspace       used 25210K, committed 25536K, reserved 1114112K
  class space    used 2962K, committed 3136K, reserved 1048576K
GC Heap History (10 events):
Event: 1.805 GC heap before
{Heap before GC invocations=0 (full 0):
 garbage-first heap   total 98304K, used 22528K [0x00000000a0e00000, 0x0000000100000000)
  region size 1024K, 23 young (23552K), 0 survivors (0K)
 Metaspace       used 5492K, committed 5696K, reserved 1114112K
  class space    used 664K, committed 768K, reserved 1048576K
}
Event: 1.817 GC heap after
{Heap after GC invocations=1 (full 0):
 garbage-first heap   total 98304K, used 4032K [0x00000000a0e00000, 0x0000000100000000)
  region size 1024K, 3 young (3072K), 3 survivors (3072K)
 Metaspace       used 5492K, committed 5696K, reserved 1114112K
  class space    used 664K, committed 768K, reserved 1048576K
}
Event: 3.353 GC heap before
{Heap before GC invocations=1 (full 0):
 garbage-first heap   total 98304K, used 33728K [0x00000000a0e00000, 0x0000000100000000)
  region size 1024K, 32 young (32768K), 3 survivors (3072K)
 Metaspace       used 9446K, committed 9600K, reserved 1114112K
  class space    used 1148K, committed 1216K, reserved 1048576K
}
Event: 3.366 GC heap after
{Heap after GC invocations=2 (full 0):
 garbage-first heap   total 98304K, used 5956K [0x00000000a0e00000, 0x0000000100000000)
  region size 1024K, 2 young (2048K), 2 survivors (2048K)
 Metaspace       used 9446K, committed 9600K, reserved 1114112K
  class space    used 1148K, committed 1216K, reserved 1048576K
}
Event: 6.129 GC heap before
{Heap before GC invocations=2 (full 0):
 garbage-first heap   total 98304K, used 55108K [0x00000000a0e00000, 0x0000000100000000)
  region size 1024K, 50 young (51200K), 2 survivors (2048K)
 Metaspace       used 15445K, committed 15616K, reserved 1114112K
  class space    used 1863K, committed 1920K, reserved 1048576K
}
Event: 6.148 GC heap after
{Heap after GC invocations=3 (full 0):
 garbage-first heap   total 98304K, used 9778K [0x00000000a0e00000, 0x0000000100000000)
  region size 1024K, 6 young (6144K), 6 survivors (6144K)
 Metaspace       used 15445K, committed 15616K, reserved 1114112K
  class space    used 1863K, committed 1920K, reserved 1048576K
}
Event: 9.457 GC heap before
{Heap before GC invocations=3 (full 0):
 garbage-first heap   total 98304K, used 64050K [0x00000000a0e00000, 0x0000000100000000)
  region size 1024K, 56 young (57344K), 6 survivors (6144K)
 Metaspace       used 21228K, committed 21504K, reserved 1114112K
  class space    used 2557K, committed 2688K, reserved 1048576K
}
Event: 9.487 GC heap after
{Heap after GC invocations=4 (full 0):
 garbage-first heap   total 98304K, used 19979K [0x00000000a0e00000, 0x0000000100000000)
  region size 1024K, 7 young (7168K), 7 survivors (7168K)
 Metaspace       used 21228K, committed 21504K, reserved 1114112K
  class space    used 2557K, committed 2688K, reserved 1048576K
}
Event: 11.289 GC heap before
{Heap before GC invocations=5 (full 0):
 garbage-first heap   total 75776K, used 57867K [0x00000000a0e00000, 0x0000000100000000)
  region size 1024K, 44 young (45056K), 7 survivors (7168K)
 Metaspace       used 24960K, committed 25280K, reserved 1114112K
  class space    used 2932K, committed 3072K, reserved 1048576K
}
Event: 11.333 GC heap after
{Heap after GC invocations=6 (full 0):
 garbage-first heap   total 79872K, used 31583K [0x00000000a0e00000, 0x0000000100000000)
  region size 1024K, 6 young (6144K), 6 survivors (6144K)
 Metaspace       used 24960K, committed 25280K, reserved 1114112K
  class space    used 2932K, committed 3072K, reserved 1048576K
}

